-------------------------------------------------------------------------------
Test set: com.mg.website.common.generate.action.CreateActionTest
-------------------------------------------------------------------------------
Tests run: 1, Failures: 0, Errors: 1, Skipped: 0, Time elapsed: 0.001 s <<< FAILURE! - in com.mg.website.common.generate.action.CreateActionTest
classInit  Time elapsed: 0 s  <<< ERROR!
java.lang.NullPointerException
	at com.mg.website.common.generate.action.CreateActionTest.classInit(CreateActionTest.java:20)

